<?xml version="1.0" encoding="UTF-8"?>
<testsuite name="RoomShould" tests="1" skipped="0" failures="0" errors="0" timestamp="2020-07-18T19:43:29" hostname="DESKTOP-U3R54TK" time="0.046">
  <properties/>
  <testcase name="has_four_sides" classname="RoomShould" time="0.046"/>
  <system-out><![CDATA[]]></system-out>
  <system-err><![CDATA[]]></system-err>
</testsuite>
